<?xml version="1.0" encoding="UTF-8"?>
<!-- Generated by org.testng.reporters.JUnitReportReporter -->
<testsuite name="com.loadtesting.tests.HomePageTest" tests="5" time="175.944" ignored="0" failures="0" timestamp="25 Feb 2020 12:56:07 GMT" skipped="0" hostname="IN5CG7192FW6" errors="0">
  <testcase name="travellingwithoutStartName" time="33.348" classname="com.loadtesting.tests.HomePageTest"/>
  <testcase name="testcase" time="25.158" classname="com.loadtesting.tests.HomePageTest"/>
  <testcase name="testcase3" time="49.314" classname="com.loadtesting.tests.HomePageTest"/>
  <testcase name="traveeling_mode" time="36.111" classname="com.loadtesting.tests.HomePageTest"/>
  <testcase name="travellingWithoutDestName" time="32.013" classname="com.loadtesting.tests.HomePageTest"/>
</testsuite> <!-- com.loadtesting.tests.HomePageTest -->
