<?xml version="1.0" encoding="UTF-8"?>
<!-- Generated by org.testng.reporters.JUnitReportReporter -->
<testsuite name="com.loadtesting.tests.HomePageTest" tests="3" time="184.191" ignored="0" failures="0" timestamp="11 Mar 2020 10:30:09 GMT" skipped="0" hostname="IN-5CG7192FW6" errors="0">
  <testcase name="VerifyHomePageTitle" time="37.106" classname="com.loadtesting.tests.HomePageTest"/>
  <testcase name="travellingwithoutStartName" time="38.162" classname="com.loadtesting.tests.HomePageTest"/>
  <testcase name="traveeling_mode" time="108.923" classname="com.loadtesting.tests.HomePageTest"/>
</testsuite> <!-- com.loadtesting.tests.HomePageTest -->
