<?xml version="1.0" encoding="UTF-8"?>
<!-- Generated by org.testng.reporters.JUnitReportReporter -->
<testsuite name="com.loadtesting.tests.HomePageTest" tests="2" time="208.552" ignored="0" failures="0" timestamp="05 Mar 2020 06:39:52 GMT" skipped="0" hostname="IN-5CG7192FW6" errors="0">
  <testcase name="travellingwithoutStartName" time="101.991" classname="com.loadtesting.tests.HomePageTest"/>
  <testcase name="traveeling_mode" time="106.561" classname="com.loadtesting.tests.HomePageTest"/>
</testsuite> <!-- com.loadtesting.tests.HomePageTest -->
